2024/09/29 15:46:37 ::1 200 2nqKUj
2024/09/29 15:46:42 ::1 500 bxGHTV
2024/09/29 15:47:09 ::1 500 vHaIzm
2024/09/29 15:47:17 ::1 200 WLdyWt
2024/09/29 15:47:38 ::1 500 Dpv4Oq
2024/09/29 15:48:07 ::1 200 bFEpqm
2024/09/29 15:48:13 ::1 200 tqOXoL
2024/09/29 15:49:59 ::1 200 h4lsG5
2024/09/29 15:50:19 ::1 200 htUgJq
2024/09/29 16:00:10 ::1 200 t6PuXl
2024/09/29 16:12:54 ::1 200 UlaQYz
2024/09/29 16:13:13 ::1 200 eRe0A4
2024/09/29 16:13:23 ::1 200 qyRhif
2024/09/29 16:13:38 ::1 200 nc5aGe
2024/09/29 16:13:53 ::1 200 5ozzjv
2024/09/29 16:15:08 ::1 500 4Wg9oy
2024/09/29 16:15:12 ::1 200 RFPV4u
2024/09/29 16:15:17 ::1 200 36TQe8
2024/09/29 16:15:20 ::1 200 FuksBG
2024/09/29 16:16:01 ::1 200 vURafk
